e:\users\zsw\documents\visual studio 2013\projects\day03\day03\debug\vc120.pdb
e:\users\zsw\documents\visual studio 2013\projects\day03\day03\debug\vc120.idb
e:\users\zsw\documents\visual studio 2013\projects\day03\day03\debug\dm01_类的构造和析构基础.obj
e:\users\zsw\documents\visual studio 2013\projects\day03\day03\debug\dm02_构造函数的分类.obj
e:\users\zsw\documents\visual studio 2013\projects\day03\day03\debug\dm03_显示初始化方案.obj
e:\users\zsw\documents\visual studio 2013\projects\day03\day03\debug\dm04_赋值构造函数的调用.obj
e:\users\zsw\documents\visual studio 2013\projects\day03\day03\debug\dm05_拷贝构造函数.obj
e:\users\zsw\documents\visual studio 2013\projects\day03\day03\debug\test.obj
e:\users\zsw\documents\visual studio 2013\projects\day03\day03\debug\dm05_拷贝构造函数的调用场景.obj
e:\users\zsw\documents\visual studio 2013\projects\day03\day03\debug\dm04_拷贝构造函数的调用12.obj
e:\users\zsw\documents\visual studio 2013\projects\day03\day03\debug\dm_06拷贝构造函数的第4种应用场所.obj
e:\users\zsw\documents\visual studio 2013\projects\day03\day03\debug\dm06_拷贝构造函数的第4种应用场所.obj
e:\users\zsw\documents\visual studio 2013\projects\day03\day03\debug\dm07_回顾复习.obj
e:\users\zsw\documents\visual studio 2013\projects\day03\day03\debug\dm09_深拷贝和浅拷贝.obj
e:\users\zsw\documents\visual studio 2013\projects\day03\day03\debug\dm10_构造函数初始化列表.obj
e:\users\zsw\documents\visual studio 2013\projects\day03\day03\debug\dm11_构造和析构综合练习.obj
e:\users\zsw\documents\visual studio 2013\projects\day03\day03\debug\dm12_构造中调用构造.obj
e:\users\zsw\documents\visual studio 2013\projects\day03\day03\debug\dm13_new和delete.obj
e:\users\zsw\documents\visual studio 2013\projects\day03\day03\debug\dm14_new和delete深入学习.obj
e:\users\zsw\documents\visual studio 2013\projects\day03\day03\debug\dm15_static关键字.obj
e:\users\zsw\documents\visual studio 2013\projects\day03\day03\debug\dm16_面向对象初探.obj
e:\users\zsw\documents\visual studio 2013\projects\day03\day03\debug\dm17_面向对象模型this指针练习.obj
e:\users\zsw\documents\visual studio 2013\projects\day03\debug\day03.ilk
e:\users\zsw\documents\visual studio 2013\projects\day03\debug\day03.exe
e:\users\zsw\documents\visual studio 2013\projects\day03\debug\day03.pdb
e:\users\zsw\documents\visual studio 2013\projects\day03\day03\debug\dm04_赋值构造函数的调用12.obj
e:\users\zsw\documents\visual studio 2013\projects\day03\day03\debug\day03.tlog\cl.command.1.tlog
e:\users\zsw\documents\visual studio 2013\projects\day03\day03\debug\day03.tlog\cl.read.1.tlog
e:\users\zsw\documents\visual studio 2013\projects\day03\day03\debug\day03.tlog\cl.write.1.tlog
e:\users\zsw\documents\visual studio 2013\projects\day03\day03\debug\day03.tlog\link.command.1.tlog
e:\users\zsw\documents\visual studio 2013\projects\day03\day03\debug\day03.tlog\link.read.1.tlog
e:\users\zsw\documents\visual studio 2013\projects\day03\day03\debug\day03.tlog\link.write.1.tlog
